2025-04-18 11:34:43,934 - root - INFO - Logger initialized. Log file: logs\iris_classification_20250418_113443.log
2025-04-18 11:34:46,255 - app - INFO - Starting Iris Flower Classification App
2025-04-18 11:34:46,679 - app - INFO - Using existing model
2025-04-18 11:34:46,680 - predict - INFO - Loading model artifacts
2025-04-18 11:34:48,915 - app - INFO - Starting Iris Flower Classification App
2025-04-18 11:34:48,918 - app - INFO - Using existing model
2025-04-18 11:34:48,919 - predict - INFO - Loading model artifacts
2025-04-18 11:34:49,916 - app - INFO - Starting Iris Flower Classification App
2025-04-18 11:34:49,919 - app - INFO - Using existing model
2025-04-18 11:34:49,921 - predict - INFO - Loading model artifacts
2025-04-18 11:34:51,157 - app - INFO - Starting Iris Flower Classification App
2025-04-18 11:34:51,163 - app - INFO - Using existing model
2025-04-18 11:34:51,164 - predict - INFO - Loading model artifacts
2025-04-18 11:34:51,689 - app - INFO - Starting Iris Flower Classification App
2025-04-18 11:34:51,692 - app - INFO - Using existing model
2025-04-18 11:34:51,693 - predict - INFO - Loading model artifacts
2025-04-18 11:34:51,704 - app - INFO - Making prediction with input: {'sepal length': 6.9, 'sepal width': 3.3, 'petal length': 2.8, 'petal width': 1.3}
2025-04-18 11:34:51,709 - predict - INFO - Making prediction with input data: {'sepal length': 6.9, 'sepal width': 3.3, 'petal length': 2.8, 'petal width': 1.3}
2025-04-18 11:34:51,709 - predict - INFO - Loading model artifacts
2025-04-18 11:34:51,786 - predict - INFO - Prediction result: versicolor (class 1)
2025-04-18 11:34:51,795 - app - INFO - Prediction result: versicolor (class 1)
