2025-04-17 15:16:06,186 - root - INFO - Logger initialized. Log file: logs\iris_classification_20250417_151606.log
2025-04-17 15:16:15,733 - app - INFO - Starting Iris Flower Classification App
2025-04-17 15:16:16,220 - app - WARNING - Model not found. Training the model now...
2025-04-17 15:16:16,221 - train - INFO - Starting training pipeline...
2025-04-17 15:16:16,222 - train - INFO - Loading Iris dataset...
2025-04-17 15:16:16,222 - data_processing - INFO - Loading Iris dataset...
2025-04-17 15:16:16,268 - data_processing - INFO - Raw data saved to data/raw/iris_data.csv
2025-04-17 15:16:16,296 - data_processing - INFO - Target names saved to data/raw/target_names.pkl
2025-04-17 15:16:16,300 - train - INFO - Preprocessing data...
2025-04-17 15:16:16,305 - data_processing - INFO - Preprocessing data...
2025-04-17 15:16:16,317 - data_processing - INFO - Processed data saved to data/processed/processed_iris.csv
2025-04-17 15:16:16,318 - train - INFO - Splitting data into train and test sets...
2025-04-17 15:16:16,321 - data_processing - INFO - Splitting data with test_size=0.2, random_state=42
2025-04-17 15:16:16,326 - data_processing - INFO - Train set shape: X=(120, 4), y=(120,)
2025-04-17 15:16:16,328 - data_processing - INFO - Test set shape: X=(30, 4), y=(30,)
2025-04-17 15:16:16,334 - train - INFO - Scaling features...
2025-04-17 15:16:16,335 - data_processing - INFO - Scaling features with StandardScaler
2025-04-17 15:16:16,351 - data_processing - INFO - Scaler model saved to models/scaler.pkl
2025-04-17 15:16:16,373 - train - INFO - Training model...
2025-04-17 15:16:16,375 - model - INFO - Training RandomForestClassifier with n_estimators=100, random_state=42
2025-04-17 15:16:16,601 - model - INFO - Model training completed
2025-04-17 15:16:16,601 - train - INFO - Evaluating model...
2025-04-17 15:16:16,602 - model - INFO - Evaluating model performance on test set
2025-04-17 15:16:16,609 - model - INFO - Model accuracy: 1.0000
2025-04-17 15:16:16,620 - model - INFO - Classification Report:
              precision    recall  f1-score   support

      setosa       1.00      1.00      1.00        10
  versicolor       1.00      1.00      1.00         9
   virginica       1.00      1.00      1.00        11

    accuracy                           1.00        30
   macro avg       1.00      1.00      1.00        30
weighted avg       1.00      1.00      1.00        30

2025-04-17 15:16:16,623 - model - INFO - Confusion Matrix:
[[10  0  0]
 [ 0  9  0]
 [ 0  0 11]]
2025-04-17 15:16:16,641 - model - INFO - Model saved to models/model.pkl
2025-04-17 15:16:16,644 - train - INFO - Feature names saved to models/feature_names.pkl
2025-04-17 15:16:16,645 - train - INFO - Training completed successfully! Model accuracy: 1.0000
2025-04-17 15:16:16,647 - app - INFO - Model trained successfully
2025-04-17 15:16:16,648 - predict - INFO - Loading model artifacts
2025-04-17 15:16:31,164 - app - INFO - Starting Iris Flower Classification App
2025-04-17 15:16:31,167 - app - INFO - Using existing model
2025-04-17 15:16:31,169 - predict - INFO - Loading model artifacts
2025-04-17 15:16:32,031 - app - INFO - Starting Iris Flower Classification App
2025-04-17 15:16:32,034 - app - INFO - Using existing model
2025-04-17 15:16:32,034 - predict - INFO - Loading model artifacts
2025-04-17 15:16:32,049 - app - INFO - Making prediction with input: {'sepal length': 5.8, 'sepal width': 3.0, 'petal length': 4.0, 'petal width': 1.8}
2025-04-17 15:16:32,064 - predict - INFO - Making prediction with input data: {'sepal length': 5.8, 'sepal width': 3.0, 'petal length': 4.0, 'petal width': 1.8}
2025-04-17 15:16:32,065 - predict - INFO - Loading model artifacts
2025-04-17 15:16:32,128 - predict - INFO - Prediction result: versicolor (class 1)
2025-04-17 15:16:32,142 - app - INFO - Prediction result: versicolor (class 1)
