2025-04-18 12:59:43,086 - root - INFO - Logger initialized. Log file: logs\iris_classification_20250418_125943.log
2025-04-18 12:59:46,305 - data_processing - INFO - Loading Iris dataset...
2025-04-18 12:59:46,470 - data_processing - INFO - Raw data saved to data/raw/iris_data.csv
2025-04-18 12:59:46,473 - data_processing - INFO - Target names saved to data/raw/target_names.pkl
2025-04-18 12:59:46,494 - data_processing - INFO - Preprocessing data...
2025-04-18 12:59:46,502 - data_processing - INFO - Processed data saved to data/processed/processed_iris.csv
2025-04-18 12:59:46,514 - data_processing - INFO - Splitting data with test_size=0.2, random_state=42
2025-04-18 12:59:46,522 - data_processing - INFO - Train set shape: X=(120, 4), y=(120,)
2025-04-18 12:59:46,524 - data_processing - INFO - Test set shape: X=(30, 4), y=(30,)
2025-04-18 12:59:46,524 - data_processing - INFO - Scaling features with StandardScaler
2025-04-18 12:59:46,535 - data_processing - INFO - Scaler model saved to models/scaler.pkl
2025-04-18 12:59:46,558 - model - INFO - Training RandomForestClassifier with n_estimators=100, random_state=42
2025-04-18 12:59:47,042 - model - INFO - Model training completed
2025-04-18 12:59:47,042 - model - INFO - Evaluating model performance on test set
2025-04-18 12:59:47,050 - model - INFO - Model accuracy: 1.0000
2025-04-18 12:59:47,057 - model - INFO - Classification Report:
              precision    recall  f1-score   support

      setosa       1.00      1.00      1.00        10
  versicolor       1.00      1.00      1.00         9
   virginica       1.00      1.00      1.00        11

    accuracy                           1.00        30
   macro avg       1.00      1.00      1.00        30
weighted avg       1.00      1.00      1.00        30

2025-04-18 12:59:47,059 - model - INFO - Confusion Matrix:
[[10  0  0]
 [ 0  9  0]
 [ 0  0 11]]
2025-04-18 12:59:47,072 - model - INFO - Model saved to models/model.pkl
2025-04-18 12:59:47,100 - predict - INFO - Loading model artifacts
2025-04-18 12:59:52,576 - predict - INFO - Loading model artifacts
2025-04-18 12:59:52,592 - predict - INFO - Making prediction with input data: {'sepal length': 5.8, 'sepal width': 3.0, 'petal length': 4.0, 'petal width': 1.3}
2025-04-18 12:59:52,594 - predict - INFO - Loading model artifacts
2025-04-18 12:59:52,628 - predict - INFO - Prediction result: versicolor (class 1)
2025-04-18 13:00:00,742 - predict - INFO - Loading model artifacts
2025-04-18 13:00:02,386 - predict - INFO - Loading model artifacts
2025-04-18 13:00:02,869 - predict - INFO - Loading model artifacts
2025-04-18 13:00:02,885 - predict - INFO - Making prediction with input data: {'sepal length': 5.8, 'sepal width': 3.9, 'petal length': 4.0, 'petal width': 1.3}
2025-04-18 13:00:02,886 - predict - INFO - Loading model artifacts
2025-04-18 13:00:02,925 - predict - INFO - Prediction result: versicolor (class 1)
2025-04-18 13:00:04,106 - predict - INFO - Loading model artifacts
2025-04-18 13:00:04,510 - predict - INFO - Loading model artifacts
2025-04-18 13:00:04,524 - predict - INFO - Making prediction with input data: {'sepal length': 5.8, 'sepal width': 3.9, 'petal length': 2.7, 'petal width': 1.3}
2025-04-18 13:00:04,527 - predict - INFO - Loading model artifacts
2025-04-18 13:00:04,574 - predict - INFO - Prediction result: versicolor (class 1)
2025-04-18 13:00:06,111 - predict - INFO - Loading model artifacts
2025-04-18 13:00:06,698 - predict - INFO - Loading model artifacts
2025-04-18 13:00:06,714 - predict - INFO - Making prediction with input data: {'sepal length': 6.6, 'sepal width': 3.9, 'petal length': 2.7, 'petal width': 1.3}
2025-04-18 13:00:06,715 - predict - INFO - Loading model artifacts
2025-04-18 13:00:06,776 - predict - INFO - Prediction result: versicolor (class 1)
2025-04-18 13:00:08,022 - predict - INFO - Loading model artifacts
2025-04-18 13:00:08,589 - predict - INFO - Loading model artifacts
2025-04-18 13:00:08,604 - predict - INFO - Making prediction with input data: {'sepal length': 6.6, 'sepal width': 3.9, 'petal length': 2.7, 'petal width': 0.5}
2025-04-18 13:00:08,606 - predict - INFO - Loading model artifacts
2025-04-18 13:00:08,644 - predict - INFO - Prediction result: setosa (class 0)
